Determining if the pthread_create exist failed with the following output:
Change Dir: /home/joonho/Udacity/catkin_ws_Local/build/CMakeFiles/CMakeTmp

Run Build Command:"/usr/bin/make" "cmTC_fca4f/fast"
/usr/bin/make -f CMakeFiles/cmTC_fca4f.dir/build.make CMakeFiles/cmTC_fca4f.dir/build
make[1]: 디렉터리 '/home/joonho/Udacity/catkin_ws_Local/build/CMakeFiles/CMakeTmp' 들어감
Building C object CMakeFiles/cmTC_fca4f.dir/CheckSymbolExists.c.o
/usr/bin/cc     -o CMakeFiles/cmTC_fca4f.dir/CheckSymbolExists.c.o   -c /home/joonho/Udacity/catkin_ws_Local/build/CMakeFiles/CMakeTmp/CheckSymbolExists.c
Linking C executable cmTC_fca4f
/usr/bin/cmake -E cmake_link_script CMakeFiles/cmTC_fca4f.dir/link.txt --verbose=1
/usr/bin/cc       CMakeFiles/cmTC_fca4f.dir/CheckSymbolExists.c.o  -o cmTC_fca4f -rdynamic 
CMakeFiles/cmTC_fca4f.dir/CheckSymbolExists.c.o: In function `main':
CheckSymbolExists.c:(.text+0x16): undefined reference to `pthread_create'
collect2: error: ld returned 1 exit status
CMakeFiles/cmTC_fca4f.dir/build.make:97: 'cmTC_fca4f' 타겟에 대한 명령이 실패했습니다
make[1]: *** [cmTC_fca4f] 오류 1
make[1]: 디렉터리 '/home/joonho/Udacity/catkin_ws_Local/build/CMakeFiles/CMakeTmp' 나감
Makefile:126: 'cmTC_fca4f/fast' 타겟에 대한 명령이 실패했습니다
make: *** [cmTC_fca4f/fast] 오류 2

File /home/joonho/Udacity/catkin_ws_Local/build/CMakeFiles/CMakeTmp/CheckSymbolExists.c:
/* */
#include <pthread.h>

int main(int argc, char** argv)
{
  (void)argv;
#ifndef pthread_create
  return ((int*)(&pthread_create))[argc];
#else
  (void)argc;
  return 0;
#endif
}

Determining if the function pthread_create exists in the pthreads failed with the following output:
Change Dir: /home/joonho/Udacity/catkin_ws_Local/build/CMakeFiles/CMakeTmp

Run Build Command:"/usr/bin/make" "cmTC_db724/fast"
/usr/bin/make -f CMakeFiles/cmTC_db724.dir/build.make CMakeFiles/cmTC_db724.dir/build
make[1]: 디렉터리 '/home/joonho/Udacity/catkin_ws_Local/build/CMakeFiles/CMakeTmp' 들어감
Building C object CMakeFiles/cmTC_db724.dir/CheckFunctionExists.c.o
/usr/bin/cc    -DCHECK_FUNCTION_EXISTS=pthread_create   -o CMakeFiles/cmTC_db724.dir/CheckFunctionExists.c.o   -c /usr/share/cmake-3.5/Modules/CheckFunctionExists.c
Linking C executable cmTC_db724
/usr/bin/cmake -E cmake_link_script CMakeFiles/cmTC_db724.dir/link.txt --verbose=1
/usr/bin/cc   -DCHECK_FUNCTION_EXISTS=pthread_create    CMakeFiles/cmTC_db724.dir/CheckFunctionExists.c.o  -o cmTC_db724 -rdynamic -lpthreads 
/usr/bin/ld: cannot find -lpthreads
collect2: error: ld returned 1 exit status
CMakeFiles/cmTC_db724.dir/build.make:97: 'cmTC_db724' 타겟에 대한 명령이 실패했습니다
make[1]: *** [cmTC_db724] 오류 1
make[1]: 디렉터리 '/home/joonho/Udacity/catkin_ws_Local/build/CMakeFiles/CMakeTmp' 나감
Makefile:126: 'cmTC_db724/fast' 타겟에 대한 명령이 실패했습니다
make: *** [cmTC_db724/fast] 오류 2


