Determining if the pthread_create exist failed with the following output:
Change Dir: /home/joonho/Udacity/catkin_ws/build/CMakeFiles/CMakeTmp

Run Build Command:"/usr/bin/make" "cmTC_d3d95/fast"
/usr/bin/make -f CMakeFiles/cmTC_d3d95.dir/build.make CMakeFiles/cmTC_d3d95.dir/build
make[1]: 디렉터리 '/home/joonho/Udacity/catkin_ws/build/CMakeFiles/CMakeTmp' 들어감
Building C object CMakeFiles/cmTC_d3d95.dir/CheckSymbolExists.c.o
/usr/bin/cc     -o CMakeFiles/cmTC_d3d95.dir/CheckSymbolExists.c.o   -c /home/joonho/Udacity/catkin_ws/build/CMakeFiles/CMakeTmp/CheckSymbolExists.c
Linking C executable cmTC_d3d95
/usr/bin/cmake -E cmake_link_script CMakeFiles/cmTC_d3d95.dir/link.txt --verbose=1
/usr/bin/cc       CMakeFiles/cmTC_d3d95.dir/CheckSymbolExists.c.o  -o cmTC_d3d95 -rdynamic 
CMakeFiles/cmTC_d3d95.dir/CheckSymbolExists.c.o: In function `main':
CheckSymbolExists.c:(.text+0x16): undefined reference to `pthread_create'
collect2: error: ld returned 1 exit status
CMakeFiles/cmTC_d3d95.dir/build.make:97: 'cmTC_d3d95' 타겟에 대한 명령이 실패했습니다
make[1]: *** [cmTC_d3d95] 오류 1
make[1]: 디렉터리 '/home/joonho/Udacity/catkin_ws/build/CMakeFiles/CMakeTmp' 나감
Makefile:126: 'cmTC_d3d95/fast' 타겟에 대한 명령이 실패했습니다
make: *** [cmTC_d3d95/fast] 오류 2

File /home/joonho/Udacity/catkin_ws/build/CMakeFiles/CMakeTmp/CheckSymbolExists.c:
/* */
#include <pthread.h>

int main(int argc, char** argv)
{
  (void)argv;
#ifndef pthread_create
  return ((int*)(&pthread_create))[argc];
#else
  (void)argc;
  return 0;
#endif
}

Determining if the function pthread_create exists in the pthreads failed with the following output:
Change Dir: /home/joonho/Udacity/catkin_ws/build/CMakeFiles/CMakeTmp

Run Build Command:"/usr/bin/make" "cmTC_c0f6e/fast"
/usr/bin/make -f CMakeFiles/cmTC_c0f6e.dir/build.make CMakeFiles/cmTC_c0f6e.dir/build
make[1]: 디렉터리 '/home/joonho/Udacity/catkin_ws/build/CMakeFiles/CMakeTmp' 들어감
Building C object CMakeFiles/cmTC_c0f6e.dir/CheckFunctionExists.c.o
/usr/bin/cc    -DCHECK_FUNCTION_EXISTS=pthread_create   -o CMakeFiles/cmTC_c0f6e.dir/CheckFunctionExists.c.o   -c /usr/share/cmake-3.5/Modules/CheckFunctionExists.c
Linking C executable cmTC_c0f6e
/usr/bin/cmake -E cmake_link_script CMakeFiles/cmTC_c0f6e.dir/link.txt --verbose=1
/usr/bin/cc   -DCHECK_FUNCTION_EXISTS=pthread_create    CMakeFiles/cmTC_c0f6e.dir/CheckFunctionExists.c.o  -o cmTC_c0f6e -rdynamic -lpthreads 
/usr/bin/ld: cannot find -lpthreads
collect2: error: ld returned 1 exit status
CMakeFiles/cmTC_c0f6e.dir/build.make:97: 'cmTC_c0f6e' 타겟에 대한 명령이 실패했습니다
make[1]: *** [cmTC_c0f6e] 오류 1
make[1]: 디렉터리 '/home/joonho/Udacity/catkin_ws/build/CMakeFiles/CMakeTmp' 나감
Makefile:126: 'cmTC_c0f6e/fast' 타겟에 대한 명령이 실패했습니다
make: *** [cmTC_c0f6e/fast] 오류 2


